<?xml version="1.0" encoding="UTF-8"?>
<coverage generated="1708200761403" clover="3.2.0">
  <project timestamp="1708200761403" name="All files">
    <metrics statements="101" coveredstatements="98" conditionals="20" coveredconditionals="17" methods="42" coveredmethods="38" elements="163" coveredelements="153" complexity="0" loc="101" ncloc="101" packages="2" files="17" classes="17"/>
    <package name="components">
      <metrics statements="75" coveredstatements="73" conditionals="20" coveredconditionals="17" methods="32" coveredmethods="31"/>
      <file name="Body.js" path="C:\Users\SONAM\Desktop\Yummy Tummy\src\components\Body.js">
        <metrics statements="26" coveredstatements="24" conditionals="6" coveredconditionals="5" methods="10" coveredmethods="9"/>
        <line num="9" count="1" type="stmt"/>
        <line num="10" count="7" type="stmt"/>
        <line num="11" count="7" type="stmt"/>
        <line num="12" count="7" type="stmt"/>
        <line num="13" count="7" type="stmt"/>
        <line num="15" count="7" type="stmt"/>
        <line num="17" count="7" type="stmt"/>
        <line num="18" count="2" type="stmt"/>
        <line num="21" count="7" type="stmt"/>
        <line num="22" count="2" type="stmt"/>
        <line num="25" count="2" type="stmt"/>
        <line num="26" count="2" type="stmt"/>
        <line num="29" count="2" type="stmt"/>
        <line num="34" count="7" type="cond" truecount="1" falsecount="1"/>
        <line num="35" count="0" type="stmt"/>
        <line num="38" count="7" type="stmt"/>
        <line num="40" count="7" type="cond" truecount="2" falsecount="0"/>
        <line num="52" count="1" type="stmt"/>
        <line num="58" count="1" type="stmt"/>
        <line num="59" count="20" type="stmt"/>
        <line num="61" count="1" type="stmt"/>
        <line num="69" count="1" type="stmt"/>
        <line num="70" count="20" type="stmt"/>
        <line num="72" count="1" type="stmt"/>
        <line num="83" count="0" type="stmt"/>
        <line num="91" count="80" type="stmt"/>
      </file>
      <file name="Cart.js" path="C:\Users\SONAM\Desktop\Yummy Tummy\src\components\Cart.js">
        <metrics statements="6" coveredstatements="6" conditionals="2" coveredconditionals="2" methods="3" coveredmethods="3"/>
        <line num="5" count="1" type="stmt"/>
        <line num="6" count="6" type="stmt"/>
        <line num="7" count="3" type="stmt"/>
        <line num="9" count="3" type="stmt"/>
        <line num="10" count="1" type="stmt"/>
        <line num="12" count="3" type="stmt"/>
      </file>
      <file name="Contact.js" path="C:\Users\SONAM\Desktop\Yummy Tummy\src\components\Contact.js">
        <metrics statements="2" coveredstatements="2" conditionals="0" coveredconditionals="0" methods="1" coveredmethods="1"/>
        <line num="1" count="1" type="stmt"/>
        <line num="2" count="4" type="stmt"/>
      </file>
      <file name="Header.js" path="C:\Users\SONAM\Desktop\Yummy Tummy\src\components\Header.js">
        <metrics statements="7" coveredstatements="7" conditionals="4" coveredconditionals="2" methods="3" coveredmethods="3"/>
        <line num="7" count="2" type="stmt"/>
        <line num="8" count="8" type="stmt"/>
        <line num="9" count="8" type="stmt"/>
        <line num="10" count="8" type="stmt"/>
        <line num="11" count="15" type="stmt"/>
        <line num="13" count="8" type="stmt"/>
        <line num="36" count="1" type="cond" truecount="1" falsecount="1"/>
      </file>
      <file name="ItemList.js" path="C:\Users\SONAM\Desktop\Yummy Tummy\src\components\ItemList.js">
        <metrics statements="7" coveredstatements="7" conditionals="2" coveredconditionals="2" methods="4" coveredmethods="4"/>
        <line num="5" count="1" type="stmt"/>
        <line num="6" count="5" type="stmt"/>
        <line num="7" count="5" type="stmt"/>
        <line num="9" count="1" type="stmt"/>
        <line num="11" count="5" type="stmt"/>
        <line num="14" count="33" type="stmt"/>
        <line num="35" count="1" type="stmt"/>
      </file>
      <file name="ResturantCard.js" path="C:\Users\SONAM\Desktop\Yummy Tummy\src\components\ResturantCard.js">
        <metrics statements="7" coveredstatements="7" conditionals="0" coveredconditionals="0" methods="3" coveredmethods="3"/>
        <line num="3" count="2" type="stmt"/>
        <line num="4" count="81" type="stmt"/>
        <line num="12" count="81" type="stmt"/>
        <line num="13" count="81" type="stmt"/>
        <line num="37" count="2" type="stmt"/>
        <line num="38" count="7" type="stmt"/>
        <line num="39" count="27" type="stmt"/>
      </file>
      <file name="ResturantCategory.js" path="C:\Users\SONAM\Desktop\Yummy Tummy\src\components\ResturantCategory.js">
        <metrics statements="4" coveredstatements="4" conditionals="2" coveredconditionals="2" methods="2" coveredmethods="2"/>
        <line num="4" count="1" type="stmt"/>
        <line num="5" count="4" type="stmt"/>
        <line num="6" count="1" type="stmt"/>
        <line num="8" count="4" type="stmt"/>
      </file>
      <file name="ResturantMenu.js" path="C:\Users\SONAM\Desktop\Yummy Tummy\src\components\ResturantMenu.js">
        <metrics statements="12" coveredstatements="12" conditionals="4" coveredconditionals="4" methods="4" coveredmethods="4"/>
        <line num="7" count="1" type="stmt"/>
        <line num="8" count="3" type="stmt"/>
        <line num="9" count="3" type="stmt"/>
        <line num="10" count="3" type="stmt"/>
        <line num="11" count="3" type="cond" truecount="2" falsecount="0"/>
        <line num="14" count="2" type="stmt"/>
        <line num="17" count="2" type="stmt"/>
        <line num="19" count="2" type="stmt"/>
        <line num="21" count="32" type="stmt"/>
        <line num="25" count="2" type="stmt"/>
        <line num="33" count="4" type="stmt"/>
        <line num="37" count="1" type="stmt"/>
      </file>
      <file name="Shimmer.js" path="C:\Users\SONAM\Desktop\Yummy Tummy\src\components\Shimmer.js">
        <metrics statements="2" coveredstatements="2" conditionals="0" coveredconditionals="0" methods="1" coveredmethods="1"/>
        <line num="1" count="2" type="stmt"/>
        <line num="2" count="3" type="stmt"/>
      </file>
      <file name="sum.js" path="C:\Users\SONAM\Desktop\Yummy Tummy\src\components\sum.js">
        <metrics statements="2" coveredstatements="2" conditionals="0" coveredconditionals="0" methods="1" coveredmethods="1"/>
        <line num="1" count="1" type="stmt"/>
        <line num="2" count="1" type="stmt"/>
      </file>
    </package>
    <package name="utils">
      <metrics statements="26" coveredstatements="25" conditionals="0" coveredconditionals="0" methods="10" coveredmethods="7"/>
      <file name="UserContext.js" path="C:\Users\SONAM\Desktop\Yummy Tummy\src\utils\UserContext.js">
        <metrics statements="1" coveredstatements="1" conditionals="0" coveredconditionals="0" methods="0" coveredmethods="0"/>
        <line num="3" count="3" type="stmt"/>
      </file>
      <file name="appStore.js" path="C:\Users\SONAM\Desktop\Yummy Tummy\src\utils\appStore.js">
        <metrics statements="1" coveredstatements="1" conditionals="0" coveredconditionals="0" methods="0" coveredmethods="0"/>
        <line num="4" count="2" type="stmt"/>
      </file>
      <file name="cartSlice.js" path="C:\Users\SONAM\Desktop\Yummy Tummy\src\utils\cartSlice.js">
        <metrics statements="5" coveredstatements="4" conditionals="0" coveredconditionals="0" methods="3" coveredmethods="2"/>
        <line num="3" count="2" type="stmt"/>
        <line num="10" count="1" type="stmt"/>
        <line num="13" count="0" type="stmt"/>
        <line num="16" count="1" type="stmt"/>
        <line num="21" count="2" type="stmt"/>
      </file>
      <file name="constant.js" path="C:\Users\SONAM\Desktop\Yummy Tummy\src\utils\constant.js">
        <metrics statements="3" coveredstatements="3" conditionals="0" coveredconditionals="0" methods="0" coveredmethods="0"/>
        <line num="2" count="4" type="stmt"/>
        <line num="5" count="4" type="stmt"/>
        <line num="8" count="4" type="stmt"/>
      </file>
      <file name="mockData.js" path="C:\Users\SONAM\Desktop\Yummy Tummy\src\utils\mockData.js">
        <metrics statements="1" coveredstatements="1" conditionals="0" coveredconditionals="0" methods="0" coveredmethods="0"/>
        <line num="1" count="1" type="stmt"/>
      </file>
      <file name="useOnlineStatus.js" path="C:\Users\SONAM\Desktop\Yummy Tummy\src\utils\useOnlineStatus.js">
        <metrics statements="6" coveredstatements="6" conditionals="0" coveredconditionals="0" methods="4" coveredmethods="2"/>
        <line num="3" count="3" type="stmt"/>
        <line num="4" count="15" type="stmt"/>
        <line num="5" count="15" type="stmt"/>
        <line num="6" count="7" type="stmt"/>
        <line num="7" count="7" type="stmt"/>
        <line num="10" count="15" type="stmt"/>
      </file>
      <file name="useResturantMenu.js" path="C:\Users\SONAM\Desktop\Yummy Tummy\src\utils\useResturantMenu.js">
        <metrics statements="9" coveredstatements="9" conditionals="0" coveredconditionals="0" methods="3" coveredmethods="3"/>
        <line num="4" count="1" type="stmt"/>
        <line num="5" count="3" type="stmt"/>
        <line num="7" count="3" type="stmt"/>
        <line num="8" count="1" type="stmt"/>
        <line num="11" count="3" type="stmt"/>
        <line num="12" count="1" type="stmt"/>
        <line num="13" count="1" type="stmt"/>
        <line num="14" count="1" type="stmt"/>
        <line num="16" count="3" type="stmt"/>
      </file>
    </package>
  </project>
</coverage>
