{"C:\\Users\\SONAM\\Desktop\\Yummy Tummy\\src\\components\\Body.js": {"path":"C:\\Users\\SONAM\\Desktop\\Yummy Tummy\\src\\components\\Body.js","statementMap":{"0":{"start":{"line":9,"column":13},"end":{"line":109,"column":1}},"1":{"start":{"line":10,"column":50},"end":{"line":10,"column":62}},"2":{"start":{"line":11,"column":48},"end":{"line":11,"column":60}},"3":{"start":{"line":12,"column":38},"end":{"line":12,"column":50}},"4":{"start":{"line":13,"column":23},"end":{"line":13,"column":40}},"5":{"start":{"line":15,"column":32},"end":{"line":15,"column":63}},"6":{"start":{"line":17,"column":2},"end":{"line":19,"column":9}},"7":{"start":{"line":18,"column":4},"end":{"line":18,"column":16}},"8":{"start":{"line":21,"column":20},"end":{"line":32,"column":3}},"9":{"start":{"line":22,"column":17},"end":{"line":24,"column":5}},"10":{"start":{"line":25,"column":17},"end":{"line":25,"column":34}},"11":{"start":{"line":26,"column":4},"end":{"line":28,"column":6}},"12":{"start":{"line":29,"column":4},"end":{"line":31,"column":6}},"13":{"start":{"line":34,"column":2},"end":{"line":37,"column":6}},"14":{"start":{"line":35,"column":4},"end":{"line":37,"column":6}},"15":{"start":{"line":38,"column":40},"end":{"line":38,"column":63}},"16":{"start":{"line":40,"column":2},"end":{"line":108,"column":4}},"17":{"start":{"line":52,"column":14},"end":{"line":52,"column":44}},"18":{"start":{"line":58,"column":40},"end":{"line":60,"column":15}},"19":{"start":{"line":59,"column":16},"end":{"line":59,"column":80}},"20":{"start":{"line":61,"column":14},"end":{"line":61,"column":52}},"21":{"start":{"line":69,"column":35},"end":{"line":71,"column":15}},"22":{"start":{"line":70,"column":25},"end":{"line":70,"column":47}},"23":{"start":{"line":72,"column":14},"end":{"line":72,"column":47}},"24":{"start":{"line":83,"column":14},"end":{"line":83,"column":42}},"25":{"start":{"line":91,"column":10},"end":{"line":104,"column":17}}},"fnMap":{"0":{"name":"(anonymous_0)","decl":{"start":{"line":9,"column":13},"end":{"line":9,"column":14}},"loc":{"start":{"line":9,"column":19},"end":{"line":109,"column":1}},"line":9},"1":{"name":"(anonymous_1)","decl":{"start":{"line":17,"column":12},"end":{"line":17,"column":13}},"loc":{"start":{"line":17,"column":18},"end":{"line":19,"column":3}},"line":17},"2":{"name":"(anonymous_2)","decl":{"start":{"line":21,"column":20},"end":{"line":21,"column":21}},"loc":{"start":{"line":21,"column":32},"end":{"line":32,"column":3}},"line":21},"3":{"name":"(anonymous_3)","decl":{"start":{"line":51,"column":22},"end":{"line":51,"column":23}},"loc":{"start":{"line":51,"column":29},"end":{"line":53,"column":13}},"line":51},"4":{"name":"(anonymous_4)","decl":{"start":{"line":57,"column":21},"end":{"line":57,"column":22}},"loc":{"start":{"line":57,"column":27},"end":{"line":62,"column":13}},"line":57},"5":{"name":"(anonymous_5)","decl":{"start":{"line":58,"column":64},"end":{"line":58,"column":65}},"loc":{"start":{"line":59,"column":16},"end":{"line":59,"column":80}},"line":59},"6":{"name":"(anonymous_6)","decl":{"start":{"line":68,"column":21},"end":{"line":68,"column":22}},"loc":{"start":{"line":68,"column":27},"end":{"line":73,"column":13}},"line":68},"7":{"name":"(anonymous_7)","decl":{"start":{"line":70,"column":16},"end":{"line":70,"column":17}},"loc":{"start":{"line":70,"column":25},"end":{"line":70,"column":47}},"line":70},"8":{"name":"(anonymous_8)","decl":{"start":{"line":82,"column":22},"end":{"line":82,"column":23}},"loc":{"start":{"line":82,"column":29},"end":{"line":84,"column":13}},"line":82},"9":{"name":"(anonymous_9)","decl":{"start":{"line":90,"column":30},"end":{"line":90,"column":31}},"loc":{"start":{"line":91,"column":10},"end":{"line":104,"column":17}},"line":91}},"branchMap":{"0":{"loc":{"start":{"line":34,"column":2},"end":{"line":37,"column":6}},"type":"if","locations":[{"start":{"line":34,"column":2},"end":{"line":37,"column":6}},{"start":{},"end":{}}],"line":34},"1":{"loc":{"start":{"line":40,"column":9},"end":{"line":108,"column":3}},"type":"cond-expr","locations":[{"start":{"line":41,"column":4},"end":{"line":41,"column":15}},{"start":{"line":43,"column":4},"end":{"line":107,"column":10}}],"line":40},"2":{"loc":{"start":{"line":97,"column":13},"end":{"line":101,"column":13}},"type":"cond-expr","locations":[{"start":{"line":98,"column":14},"end":{"line":98,"column":58}},{"start":{"line":100,"column":14},"end":{"line":100,"column":50}}],"line":97}},"s":{"0":1,"1":7,"2":7,"3":7,"4":7,"5":7,"6":7,"7":2,"8":7,"9":2,"10":2,"11":2,"12":2,"13":7,"14":0,"15":7,"16":7,"17":1,"18":1,"19":20,"20":1,"21":1,"22":20,"23":1,"24":0,"25":80},"f":{"0":7,"1":2,"2":2,"3":1,"4":1,"5":20,"6":1,"7":20,"8":0,"9":80},"b":{"0":[0,7],"1":[2,5],"2":[27,53]},"_coverageSchema":"1a1c01bbd47fc00a2c39e90264f33305004495a9","hash":"1fe623d4d6f2427e848fcae021b788ecb7e08e73"}
,"C:\\Users\\SONAM\\Desktop\\Yummy Tummy\\src\\components\\Contact.js": {"path":"C:\\Users\\SONAM\\Desktop\\Yummy Tummy\\src\\components\\Contact.js","statementMap":{"0":{"start":{"line":1,"column":16},"end":{"line":22,"column":1}},"1":{"start":{"line":2,"column":2},"end":{"line":21,"column":4}}},"fnMap":{"0":{"name":"(anonymous_0)","decl":{"start":{"line":1,"column":16},"end":{"line":1,"column":17}},"loc":{"start":{"line":1,"column":22},"end":{"line":22,"column":1}},"line":1}},"branchMap":{},"s":{"0":1,"1":4},"f":{"0":4},"b":{},"_coverageSchema":"1a1c01bbd47fc00a2c39e90264f33305004495a9","hash":"fc6525db80df917152e2f9f147ff1d985b2f2dbb"}
,"C:\\Users\\SONAM\\Desktop\\Yummy Tummy\\src\\components\\Header.js": {"path":"C:\\Users\\SONAM\\Desktop\\Yummy Tummy\\src\\components\\Header.js","statementMap":{"0":{"start":{"line":7,"column":15},"end":{"line":46,"column":1}},"1":{"start":{"line":8,"column":32},"end":{"line":8,"column":49}},"2":{"start":{"line":9,"column":23},"end":{"line":9,"column":40}},"3":{"start":{"line":10,"column":27},"end":{"line":10,"column":50}},"4":{"start":{"line":11,"column":20},"end":{"line":11,"column":60}},"5":{"start":{"line":11,"column":43},"end":{"line":11,"column":59}},"6":{"start":{"line":13,"column":2},"end":{"line":45,"column":4}},"7":{"start":{"line":36,"column":14},"end":{"line":36,"column":78}}},"fnMap":{"0":{"name":"(anonymous_0)","decl":{"start":{"line":7,"column":15},"end":{"line":7,"column":16}},"loc":{"start":{"line":7,"column":21},"end":{"line":46,"column":1}},"line":7},"1":{"name":"(anonymous_1)","decl":{"start":{"line":11,"column":32},"end":{"line":11,"column":33}},"loc":{"start":{"line":11,"column":43},"end":{"line":11,"column":59}},"line":11},"2":{"name":"(anonymous_2)","decl":{"start":{"line":35,"column":21},"end":{"line":35,"column":22}},"loc":{"start":{"line":35,"column":27},"end":{"line":37,"column":13}},"line":35}},"branchMap":{"0":{"loc":{"start":{"line":18,"column":46},"end":{"line":18,"column":72}},"type":"cond-expr","locations":[{"start":{"line":18,"column":61},"end":{"line":18,"column":65}},{"start":{"line":18,"column":68},"end":{"line":18,"column":72}}],"line":18},"1":{"loc":{"start":{"line":36,"column":14},"end":{"line":36,"column":77}},"type":"cond-expr","locations":[{"start":{"line":36,"column":35},"end":{"line":36,"column":55}},{"start":{"line":36,"column":58},"end":{"line":36,"column":77}}],"line":36}},"s":{"0":1,"1":5,"2":5,"3":5,"4":5,"5":9,"6":5,"7":1},"f":{"0":5,"1":9,"2":1},"b":{"0":[5,0],"1":[1,0]},"_coverageSchema":"1a1c01bbd47fc00a2c39e90264f33305004495a9","hash":"7e8cd8d2a8a8e740bc754d009c97b63455caad8f"}
,"C:\\Users\\SONAM\\Desktop\\Yummy Tummy\\src\\components\\ResturantCard.js": {"path":"C:\\Users\\SONAM\\Desktop\\Yummy Tummy\\src\\components\\ResturantCard.js","statementMap":{"0":{"start":{"line":3,"column":22},"end":{"line":31,"column":1}},"1":{"start":{"line":4,"column":21},"end":{"line":4,"column":26}},"2":{"start":{"line":12,"column":6},"end":{"line":12,"column":18}},"3":{"start":{"line":13,"column":2},"end":{"line":30,"column":4}},"4":{"start":{"line":37,"column":32},"end":{"line":48,"column":1}},"5":{"start":{"line":38,"column":2},"end":{"line":47,"column":4}},"6":{"start":{"line":39,"column":4},"end":{"line":46,"column":6}}},"fnMap":{"0":{"name":"(anonymous_0)","decl":{"start":{"line":3,"column":22},"end":{"line":3,"column":23}},"loc":{"start":{"line":3,"column":33},"end":{"line":31,"column":1}},"line":3},"1":{"name":"(anonymous_1)","decl":{"start":{"line":37,"column":32},"end":{"line":37,"column":33}},"loc":{"start":{"line":37,"column":51},"end":{"line":48,"column":1}},"line":37},"2":{"name":"(anonymous_2)","decl":{"start":{"line":38,"column":9},"end":{"line":38,"column":10}},"loc":{"start":{"line":38,"column":20},"end":{"line":47,"column":3}},"line":38}},"branchMap":{},"s":{"0":2,"1":81,"2":81,"3":81,"4":2,"5":7,"6":27},"f":{"0":81,"1":7,"2":27},"b":{},"_coverageSchema":"1a1c01bbd47fc00a2c39e90264f33305004495a9","hash":"2aa3397ceeeb6413efba4ad878b5605c7487d3ec"}
,"C:\\Users\\SONAM\\Desktop\\Yummy Tummy\\src\\components\\Shimmer.js": {"path":"C:\\Users\\SONAM\\Desktop\\Yummy Tummy\\src\\components\\Shimmer.js","statementMap":{"0":{"start":{"line":1,"column":16},"end":{"line":20,"column":1}},"1":{"start":{"line":2,"column":2},"end":{"line":19,"column":4}}},"fnMap":{"0":{"name":"(anonymous_0)","decl":{"start":{"line":1,"column":16},"end":{"line":1,"column":17}},"loc":{"start":{"line":1,"column":22},"end":{"line":20,"column":1}},"line":1}},"branchMap":{},"s":{"0":1,"1":2},"f":{"0":2},"b":{},"_coverageSchema":"1a1c01bbd47fc00a2c39e90264f33305004495a9","hash":"ecbbc3d3dbbb59d9840f74f286f0bc358e1b7288"}
,"C:\\Users\\SONAM\\Desktop\\Yummy Tummy\\src\\components\\sum.js": {"path":"C:\\Users\\SONAM\\Desktop\\Yummy Tummy\\src\\components\\sum.js","statementMap":{"0":{"start":{"line":1,"column":19},"end":{"line":3,"column":1}},"1":{"start":{"line":2,"column":2},"end":{"line":2,"column":15}}},"fnMap":{"0":{"name":"(anonymous_0)","decl":{"start":{"line":1,"column":19},"end":{"line":1,"column":20}},"loc":{"start":{"line":1,"column":29},"end":{"line":3,"column":1}},"line":1}},"branchMap":{},"s":{"0":1,"1":1},"f":{"0":1},"b":{},"_coverageSchema":"1a1c01bbd47fc00a2c39e90264f33305004495a9","hash":"f0fee12acef865bfc94ddc4a801eb1e2f84879d7"}
,"C:\\Users\\SONAM\\Desktop\\Yummy Tummy\\src\\utils\\UserContext.js": {"path":"C:\\Users\\SONAM\\Desktop\\Yummy Tummy\\src\\utils\\UserContext.js","statementMap":{"0":{"start":{"line":3,"column":20},"end":{"line":5,"column":2}}},"fnMap":{},"branchMap":{},"s":{"0":2},"f":{},"b":{},"_coverageSchema":"1a1c01bbd47fc00a2c39e90264f33305004495a9","hash":"1a25d74e49be7f4f89106d0a2906ae1c61005b31"}
,"C:\\Users\\SONAM\\Desktop\\Yummy Tummy\\src\\utils\\appStore.js": {"path":"C:\\Users\\SONAM\\Desktop\\Yummy Tummy\\src\\utils\\appStore.js","statementMap":{"0":{"start":{"line":4,"column":17},"end":{"line":6,"column":2}}},"fnMap":{},"branchMap":{},"s":{"0":1},"f":{},"b":{},"_coverageSchema":"1a1c01bbd47fc00a2c39e90264f33305004495a9","hash":"f671b64975f642dcd11d256a83da33958a6fae76"}
,"C:\\Users\\SONAM\\Desktop\\Yummy Tummy\\src\\utils\\cartSlice.js": {"path":"C:\\Users\\SONAM\\Desktop\\Yummy Tummy\\src\\utils\\cartSlice.js","statementMap":{"0":{"start":{"line":3,"column":18},"end":{"line":19,"column":2}},"1":{"start":{"line":10,"column":6},"end":{"line":10,"column":39}},"2":{"start":{"line":13,"column":6},"end":{"line":13,"column":24}},"3":{"start":{"line":16,"column":6},"end":{"line":16,"column":29}},"4":{"start":{"line":21,"column":50},"end":{"line":21,"column":67}}},"fnMap":{"0":{"name":"(anonymous_0)","decl":{"start":{"line":9,"column":13},"end":{"line":9,"column":14}},"loc":{"start":{"line":9,"column":32},"end":{"line":11,"column":5}},"line":9},"1":{"name":"(anonymous_1)","decl":{"start":{"line":12,"column":16},"end":{"line":12,"column":17}},"loc":{"start":{"line":12,"column":35},"end":{"line":14,"column":5}},"line":12},"2":{"name":"(anonymous_2)","decl":{"start":{"line":15,"column":15},"end":{"line":15,"column":16}},"loc":{"start":{"line":15,"column":34},"end":{"line":17,"column":5}},"line":15}},"branchMap":{},"s":{"0":1,"1":0,"2":0,"3":0,"4":1},"f":{"0":0,"1":0,"2":0},"b":{},"_coverageSchema":"1a1c01bbd47fc00a2c39e90264f33305004495a9","hash":"813f38ba2bc9e8b3f54c8a63fe72c90b18b62ae3"}
,"C:\\Users\\SONAM\\Desktop\\Yummy Tummy\\src\\utils\\constant.js": {"path":"C:\\Users\\SONAM\\Desktop\\Yummy Tummy\\src\\utils\\constant.js","statementMap":{"0":{"start":{"line":2,"column":2},"end":{"line":2,"column":93}},"1":{"start":{"line":5,"column":2},"end":{"line":5,"column":108}},"2":{"start":{"line":8,"column":2},"end":{"line":8,"column":125}}},"fnMap":{},"branchMap":{},"s":{"0":3,"1":3,"2":3},"f":{},"b":{},"_coverageSchema":"1a1c01bbd47fc00a2c39e90264f33305004495a9","hash":"1c8c950afe3eefa1c25e2c7ddaed284acb7d6349"}
,"C:\\Users\\SONAM\\Desktop\\Yummy Tummy\\src\\utils\\mockData.js": {"path":"C:\\Users\\SONAM\\Desktop\\Yummy Tummy\\src\\utils\\mockData.js","statementMap":{"0":{"start":{"line":1,"column":23},"end":{"line":1715,"column":1}}},"fnMap":{},"branchMap":{},"s":{"0":1},"f":{},"b":{},"_coverageSchema":"1a1c01bbd47fc00a2c39e90264f33305004495a9","hash":"f7112e8a5eef3b3bc3bb0a8d92fc5de33d670a9b"}
,"C:\\Users\\SONAM\\Desktop\\Yummy Tummy\\src\\utils\\useOnlineStatus.js": {"path":"C:\\Users\\SONAM\\Desktop\\Yummy Tummy\\src\\utils\\useOnlineStatus.js","statementMap":{"0":{"start":{"line":3,"column":24},"end":{"line":11,"column":1}},"1":{"start":{"line":4,"column":42},"end":{"line":4,"column":56}},"2":{"start":{"line":5,"column":2},"end":{"line":8,"column":9}},"3":{"start":{"line":6,"column":4},"end":{"line":6,"column":69}},"4":{"start":{"line":6,"column":45},"end":{"line":6,"column":67}},"5":{"start":{"line":7,"column":4},"end":{"line":7,"column":67}},"6":{"start":{"line":7,"column":44},"end":{"line":7,"column":65}},"7":{"start":{"line":10,"column":2},"end":{"line":10,"column":22}}},"fnMap":{"0":{"name":"(anonymous_0)","decl":{"start":{"line":3,"column":24},"end":{"line":3,"column":25}},"loc":{"start":{"line":3,"column":30},"end":{"line":11,"column":1}},"line":3},"1":{"name":"(anonymous_1)","decl":{"start":{"line":5,"column":12},"end":{"line":5,"column":13}},"loc":{"start":{"line":5,"column":18},"end":{"line":8,"column":3}},"line":5},"2":{"name":"(anonymous_2)","decl":{"start":{"line":6,"column":39},"end":{"line":6,"column":40}},"loc":{"start":{"line":6,"column":45},"end":{"line":6,"column":67}},"line":6},"3":{"name":"(anonymous_3)","decl":{"start":{"line":7,"column":38},"end":{"line":7,"column":39}},"loc":{"start":{"line":7,"column":44},"end":{"line":7,"column":65}},"line":7}},"branchMap":{},"s":{"0":2,"1":12,"2":12,"3":6,"4":0,"5":6,"6":0,"7":12},"f":{"0":12,"1":6,"2":0,"3":0},"b":{},"_coverageSchema":"1a1c01bbd47fc00a2c39e90264f33305004495a9","hash":"c332b8c135df4a1ca95c6d34a7d361106103cdfc"}
}
