{"C:\\Users\\SONAM\\Desktop\\Yummy Tummy\\src\\components\\Header.js": {"path":"C:\\Users\\SONAM\\Desktop\\Yummy Tummy\\src\\components\\Header.js","statementMap":{"0":{"start":{"line":7,"column":15},"end":{"line":46,"column":1}},"1":{"start":{"line":8,"column":32},"end":{"line":8,"column":49}},"2":{"start":{"line":9,"column":23},"end":{"line":9,"column":40}},"3":{"start":{"line":10,"column":27},"end":{"line":10,"column":50}},"4":{"start":{"line":11,"column":20},"end":{"line":11,"column":60}},"5":{"start":{"line":11,"column":43},"end":{"line":11,"column":59}},"6":{"start":{"line":13,"column":2},"end":{"line":45,"column":4}},"7":{"start":{"line":36,"column":14},"end":{"line":36,"column":78}}},"fnMap":{"0":{"name":"(anonymous_0)","decl":{"start":{"line":7,"column":15},"end":{"line":7,"column":16}},"loc":{"start":{"line":7,"column":21},"end":{"line":46,"column":1}},"line":7},"1":{"name":"(anonymous_1)","decl":{"start":{"line":11,"column":32},"end":{"line":11,"column":33}},"loc":{"start":{"line":11,"column":43},"end":{"line":11,"column":59}},"line":11},"2":{"name":"(anonymous_2)","decl":{"start":{"line":35,"column":21},"end":{"line":35,"column":22}},"loc":{"start":{"line":35,"column":27},"end":{"line":37,"column":13}},"line":35}},"branchMap":{"0":{"loc":{"start":{"line":18,"column":46},"end":{"line":18,"column":72}},"type":"cond-expr","locations":[{"start":{"line":18,"column":61},"end":{"line":18,"column":65}},{"start":{"line":18,"column":68},"end":{"line":18,"column":72}}],"line":18},"1":{"loc":{"start":{"line":36,"column":14},"end":{"line":36,"column":77}},"type":"cond-expr","locations":[{"start":{"line":36,"column":35},"end":{"line":36,"column":55}},{"start":{"line":36,"column":58},"end":{"line":36,"column":77}}],"line":36}},"s":{"0":1,"1":2,"2":2,"3":2,"4":2,"5":4,"6":2,"7":0},"f":{"0":2,"1":4,"2":0},"b":{"0":[2,0],"1":[0,0]},"_coverageSchema":"1a1c01bbd47fc00a2c39e90264f33305004495a9","hash":"7e8cd8d2a8a8e740bc754d009c97b63455caad8f"}
,"C:\\Users\\SONAM\\Desktop\\Yummy Tummy\\src\\components\\ItemList.js": {"path":"C:\\Users\\SONAM\\Desktop\\Yummy Tummy\\src\\components\\ItemList.js","statementMap":{"0":{"start":{"line":5,"column":17},"end":{"line":46,"column":1}},"1":{"start":{"line":6,"column":19},"end":{"line":6,"column":32}},"2":{"start":{"line":7,"column":25},"end":{"line":10,"column":3}},"3":{"start":{"line":9,"column":4},"end":{"line":9,"column":28}},"4":{"start":{"line":11,"column":2},"end":{"line":45,"column":4}},"5":{"start":{"line":14,"column":8},"end":{"line":42,"column":14}},"6":{"start":{"line":35,"column":31},"end":{"line":35,"column":51}}},"fnMap":{"0":{"name":"(anonymous_0)","decl":{"start":{"line":5,"column":17},"end":{"line":5,"column":18}},"loc":{"start":{"line":5,"column":32},"end":{"line":46,"column":1}},"line":5},"1":{"name":"(anonymous_1)","decl":{"start":{"line":7,"column":25},"end":{"line":7,"column":26}},"loc":{"start":{"line":7,"column":35},"end":{"line":10,"column":3}},"line":7},"2":{"name":"(anonymous_2)","decl":{"start":{"line":13,"column":18},"end":{"line":13,"column":19}},"loc":{"start":{"line":14,"column":8},"end":{"line":42,"column":14}},"line":14},"3":{"name":"(anonymous_3)","decl":{"start":{"line":35,"column":25},"end":{"line":35,"column":26}},"loc":{"start":{"line":35,"column":31},"end":{"line":35,"column":51}},"line":35}},"branchMap":{"0":{"loc":{"start":{"line":24,"column":17},"end":{"line":26,"column":56}},"type":"cond-expr","locations":[{"start":{"line":25,"column":20},"end":{"line":25,"column":49}},{"start":{"line":26,"column":20},"end":{"line":26,"column":56}}],"line":24}},"s":{"0":1,"1":2,"2":2,"3":1,"4":2,"5":32,"6":1},"f":{"0":2,"1":1,"2":32,"3":1},"b":{"0":[31,1]},"_coverageSchema":"1a1c01bbd47fc00a2c39e90264f33305004495a9","hash":"f7323eb9bb36dc983bcabf3a170c0ca4e57fccac"}
,"C:\\Users\\SONAM\\Desktop\\Yummy Tummy\\src\\components\\ResturantMenu.js": {"path":"C:\\Users\\SONAM\\Desktop\\Yummy Tummy\\src\\components\\ResturantMenu.js","statementMap":{"0":{"start":{"line":7,"column":22},"end":{"line":42,"column":1}},"1":{"start":{"line":8,"column":20},"end":{"line":8,"column":31}},"2":{"start":{"line":9,"column":18},"end":{"line":9,"column":41}},"3":{"start":{"line":10,"column":36},"end":{"line":10,"column":47}},"4":{"start":{"line":11,"column":2},"end":{"line":11,"column":43}},"5":{"start":{"line":11,"column":24},"end":{"line":11,"column":43}},"6":{"start":{"line":14,"column":4},"end":{"line":15,"column":12}},"7":{"start":{"line":17,"column":4},"end":{"line":17,"column":45}},"8":{"start":{"line":19,"column":4},"end":{"line":23,"column":5}},"9":{"start":{"line":21,"column":8},"end":{"line":22,"column":70}},"10":{"start":{"line":25,"column":2},"end":{"line":41,"column":4}},"11":{"start":{"line":33,"column":8},"end":{"line":38,"column":10}},"12":{"start":{"line":37,"column":30},"end":{"line":37,"column":49}}},"fnMap":{"0":{"name":"(anonymous_0)","decl":{"start":{"line":7,"column":22},"end":{"line":7,"column":23}},"loc":{"start":{"line":7,"column":28},"end":{"line":42,"column":1}},"line":7},"1":{"name":"(anonymous_1)","decl":{"start":{"line":20,"column":6},"end":{"line":20,"column":7}},"loc":{"start":{"line":21,"column":8},"end":{"line":22,"column":70}},"line":21},"2":{"name":"(anonymous_2)","decl":{"start":{"line":32,"column":22},"end":{"line":32,"column":23}},"loc":{"start":{"line":33,"column":8},"end":{"line":38,"column":10}},"line":33},"3":{"name":"(anonymous_3)","decl":{"start":{"line":37,"column":24},"end":{"line":37,"column":25}},"loc":{"start":{"line":37,"column":30},"end":{"line":37,"column":49}},"line":37}},"branchMap":{"0":{"loc":{"start":{"line":11,"column":2},"end":{"line":11,"column":43}},"type":"if","locations":[{"start":{"line":11,"column":2},"end":{"line":11,"column":43}},{"start":{},"end":{}}],"line":11},"1":{"loc":{"start":{"line":36,"column":21},"end":{"line":36,"column":54}},"type":"cond-expr","locations":[{"start":{"line":36,"column":42},"end":{"line":36,"column":46}},{"start":{"line":36,"column":49},"end":{"line":36,"column":54}}],"line":36}},"s":{"0":1,"1":3,"2":3,"3":3,"4":3,"5":1,"6":2,"7":2,"8":2,"9":32,"10":2,"11":4,"12":1},"f":{"0":3,"1":32,"2":4,"3":1},"b":{"0":[1,2],"1":[2,2]},"_coverageSchema":"1a1c01bbd47fc00a2c39e90264f33305004495a9","hash":"a8fc43cb42de07a6909cc000e47ec4a6c76f1215"}
,"C:\\Users\\SONAM\\Desktop\\Yummy Tummy\\src\\utils\\appStore.js": {"path":"C:\\Users\\SONAM\\Desktop\\Yummy Tummy\\src\\utils\\appStore.js","statementMap":{"0":{"start":{"line":4,"column":17},"end":{"line":6,"column":2}}},"fnMap":{},"branchMap":{},"s":{"0":1},"f":{},"b":{},"_coverageSchema":"1a1c01bbd47fc00a2c39e90264f33305004495a9","hash":"f671b64975f642dcd11d256a83da33958a6fae76"}
}
