TN:
SF:src\components\Header.js
FN:7,(anonymous_0)
FN:11,(anonymous_1)
FN:35,(anonymous_2)
FNF:3
FNH:2
FNDA:2,(anonymous_0)
FNDA:4,(anonymous_1)
FNDA:0,(anonymous_2)
DA:7,1
DA:8,2
DA:9,2
DA:10,2
DA:11,4
DA:13,2
DA:36,0
LF:7
LH:6
BRDA:18,0,0,2
BRDA:18,0,1,0
BRDA:36,1,0,0
BRDA:36,1,1,0
BRF:4
BRH:1
end_of_record
TN:
SF:src\components\ItemList.js
FN:5,(anonymous_0)
FN:7,(anonymous_1)
FN:13,(anonymous_2)
FN:35,(anonymous_3)
FNF:4
FNH:4
FNDA:2,(anonymous_0)
FNDA:1,(anonymous_1)
FNDA:32,(anonymous_2)
FNDA:1,(anonymous_3)
DA:5,1
DA:6,2
DA:7,2
DA:9,1
DA:11,2
DA:14,32
DA:35,1
LF:7
LH:7
BRDA:24,0,0,31
BRDA:24,0,1,1
BRF:2
BRH:2
end_of_record
TN:
SF:src\components\ResturantMenu.js
FN:7,(anonymous_0)
FN:20,(anonymous_1)
FN:32,(anonymous_2)
FN:37,(anonymous_3)
FNF:4
FNH:4
FNDA:3,(anonymous_0)
FNDA:32,(anonymous_1)
FNDA:4,(anonymous_2)
FNDA:1,(anonymous_3)
DA:7,1
DA:8,3
DA:9,3
DA:10,3
DA:11,3
DA:14,2
DA:17,2
DA:19,2
DA:21,32
DA:25,2
DA:33,4
DA:37,1
LF:12
LH:12
BRDA:11,0,0,1
BRDA:11,0,1,2
BRDA:36,1,0,2
BRDA:36,1,1,2
BRF:4
BRH:4
end_of_record
TN:
SF:src\utils\appStore.js
FNF:0
FNH:0
DA:4,1
LF:1
LH:1
BRF:0
BRH:0
end_of_record
